#
# There is insufficient memory for the Java Runtime Environment to continue.
# Native memory allocation (mmap) failed to map 54525952 bytes for Failed to commit area from 0x0000000711000000 to 0x0000000714400000 of length 54525952.
# Possible reasons:
#   The system is out of physical RAM or swap space
#   The process is running with CompressedOops enabled, and the Java Heap may be blocking the growth of the native heap
# Possible solutions:
#   Reduce memory load on the system
#   Increase physical memory or swap space
#   Check if swap backing store is full
#   Decrease Java heap size (-Xmx/-Xms)
#   Decrease number of Java threads
#   Decrease Java thread stack sizes (-Xss)
#   Set larger code cache with -XX:ReservedCodeCacheSize=
#   JVM is running with Zero Based Compressed Oops mode in which the Java heap is
#     placed in the first 32GB address space. The Java Heap base address is the
#     maximum limit for the native heap growth. Please use -XX:HeapBaseMinAddress
#     to set the Java Heap base and to place the Java Heap above 32GB virtual address.
# This output file may be truncated or incomplete.
#
#  Out of Memory Error (./src/hotspot/os/windows/os_windows.cpp:3619), pid=9124, tid=6224
#
# JRE version: OpenJDK Runtime Environment (11.0.13) (build 11.0.13+0-b1751.21-8125866)
# Java VM: OpenJDK 64-Bit Server VM (11.0.13+0-b1751.21-8125866, mixed mode, tiered, compressed oops, g1 gc, windows-amd64)
# No core dump will be written. Minidumps are not enabled by default on client versions of Windows
#

---------------  S U M M A R Y ------------

Command Line: org.jetbrains.kotlin.cli.jvm.K2JVMCompiler @C:\Users\Liza\Weather\app\build\20221127_12212156606614318248.compiler.options

Host: Intel(R) Core(TM) i5-5200U CPU @ 2.20GHz, 4 cores, 15G,  Windows 7 , 64 bit Build 7601 (6.1.7601.24231)
Time: Sun Nov 27 23:31:20 2022 RTZ 2 (ceia) elapsed time: 31.047916 seconds (0d 0h 0m 31s)

---------------  T H R E A D  ---------------

Current thread (0x0000000021bc1000):  VMThread "VM Thread" [stack: 0x0000000022bc0000,0x0000000022cc0000] [id=6224]

Stack: [0x0000000022bc0000,0x0000000022cc0000]
[error occurred during error reporting (printing stack bounds), id 0xc0000005, EXCEPTION_ACCESS_VIOLATION (0xc0000005) at pc=0x000000000682112d]

Native frames: (J=compiled Java code, j=interpreted, Vv=VM code, C=native code)
V  [jvm.dll+0x6100fa]
V  [jvm.dll+0x747090]
V  [jvm.dll+0x7486ad]
V  [jvm.dll+0x748ce5]
V  [jvm.dll+0x748c9b]
V  [jvm.dll+0x60f224]
V  [jvm.dll+0x60f9b8]
C  [ntdll.dll+0x6bf7d]
C  [ntdll.dll+0x4043a]
C  [ntdll.dll+0x6b61e]
C  0x000000000682112d

VM_Operation (0x000000000256a230): G1CollectForAllocation, mode: safepoint, requested by thread 0x0000000000103800


---------------  P R O C E S S  ---------------

Threads class SMR info:
_java_thread_list=0x00000000241576b0, length=10, elements={
0x0000000000103800, 0x0000000021bc7800, 0x0000000021bd2000, 0x0000000021bdd800,
0x0000000021be0800, 0x0000000021be2000, 0x0000000021be8800, 0x0000000021bea000,
0x0000000021bf3800, 0x000000002291e800
}

Java Threads: ( => current thread )
  0x0000000000103800 JavaThread "main" [_thread_blocked, id=9132, stack(0x0000000002470000,0x0000000002570000)]
  0x0000000021bc7800 JavaThread "Reference Handler" daemon [_thread_blocked, id=7236, stack(0x0000000022e10000,0x0000000022f10000)]
  0x0000000021bd2000 JavaThread "Finalizer" daemon [_thread_blocked, id=908, stack(0x0000000022ff0000,0x00000000230f0000)]
  0x0000000021bdd800 JavaThread "Signal Dispatcher" daemon [_thread_blocked, id=6568, stack(0x00000000231f0000,0x00000000232f0000)]
  0x0000000021be0800 JavaThread "Attach Listener" daemon [_thread_blocked, id=7712, stack(0x0000000022ce0000,0x0000000022de0000)]
  0x0000000021be2000 JavaThread "Service Thread" daemon [_thread_blocked, id=7332, stack(0x0000000023320000,0x0000000023420000)]
  0x0000000021be8800 JavaThread "C2 CompilerThread0" daemon [_thread_blocked, id=7248, stack(0x0000000023560000,0x0000000023660000)]
  0x0000000021bea000 JavaThread "C1 CompilerThread0" daemon [_thread_blocked, id=8032, stack(0x00000000236a0000,0x00000000237a0000)]
  0x0000000021bf3800 JavaThread "Sweeper thread" daemon [_thread_blocked, id=9148, stack(0x00000000237d0000,0x00000000238d0000)]
  0x000000002291e800 JavaThread "Common-Cleaner" daemon [_thread_blocked, id=4984, stack(0x0000000023420000,0x0000000023520000)]

Other Threads:
=>0x0000000021bc1000 VMThread "VM Thread" [stack: 0x0000000022bc0000,0x0000000022cc0000] [id=6224]
  0x00000000228d7800 WatcherThread [stack: 0x0000000023a20000,0x0000000023b20000] [id=5124]
  0x000000000011b000 GCTaskThread "GC Thread#0" [stack: 0x0000000002830000,0x0000000002930000] [id=3708]
  0x0000000023d8d800 GCTaskThread "GC Thread#1" [stack: 0x00000000246f0000,0x00000000247f0000] [id=7328]
  0x0000000023d8a000 GCTaskThread "GC Thread#2" [stack: 0x0000000024890000,0x0000000024990000] [id=560]
  0x0000000023d8a800 GCTaskThread "GC Thread#3" [stack: 0x0000000024a70000,0x0000000024b70000] [id=7852]
  0x000000001f1c8800 ConcurrentGCThread "G1 Main Marker" [stack: 0x000000001f450000,0x000000001f550000] [id=7812]
  0x000000000016f800 ConcurrentGCThread "G1 Conc#0" [stack: 0x000000001f5d0000,0x000000001f6d0000] [id=6808]
  0x0000000021a17800 ConcurrentGCThread "G1 Refine#0" [stack: 0x0000000021c50000,0x0000000021d50000] [id=7404]
  0x0000000021a18000 ConcurrentGCThread "G1 Young RemSet Sampling" [stack: 0x0000000021e60000,0x0000000021f60000] [id=7800]

Threads with active compile tasks:
C2 CompilerThread0  31067 7259       4       org.jetbrains.kotlin.com.intellij.openapi.util.Comparing::equal (80 bytes)
C1 CompilerThread0  31067 7260       3       org.jetbrains.kotlin.load.java.lazy.descriptors.LazyJavaPackageFragment::findClassifierByJavaClass$descriptors_jvm (18 bytes)

VM state:at safepoint (normal execution)

VM Mutex/Monitor currently owned by a thread:  ([mutex/lock_event])
[0x0000000000100f50] Threads_lock - owner thread: 0x0000000021bc1000
[0x00000000001017b0] Heap_lock - owner thread: 0x0000000000103800

Heap address: 0x0000000701000000, size: 4080 MB, Compressed Oops mode: Zero based, Oop shift amount: 3
Narrow klass base: 0x0000000800000000, Narrow klass shift: 0
Compressed class space size: 1073741824 Address: 0x0000000800000000

Heap:
 garbage-first heap   total 315392K, used 45779K [0x0000000701000000, 0x0000000800000000)
  region size 1024K, 11 young (11264K), 11 survivors (11264K)
 Metaspace       used 63483K, capacity 64343K, committed 64512K, reserved 1105920K
  class space    used 7298K, capacity 7669K, committed 7680K, reserved 1048576K
Heap Regions: E=young(eden), S=young(survivor), O=old, HS=humongous(starts), HC=humongous(continues), CS=collection set, F=free, A=archive, TAMS=top-at-mark-start (previous, next)
|   0|0x0000000701000000, 0x0000000701100000, 0x0000000701100000|100%|HS|  |TAMS 0x0000000701100000, 0x0000000701000000| Complete 
|   1|0x0000000701100000, 0x0000000701200000, 0x0000000701200000|100%|HC|  |TAMS 0x0000000701200000, 0x0000000701100000| Complete 
|   2|0x0000000701200000, 0x0000000701300000, 0x0000000701300000|100%|HC|  |TAMS 0x0000000701300000, 0x0000000701200000| Complete 
|   3|0x0000000701300000, 0x0000000701400000, 0x0000000701400000|100%| O|  |TAMS 0x0000000701400000, 0x0000000701300000| Untracked 
|   4|0x0000000701400000, 0x0000000701500000, 0x0000000701500000|100%| O|  |TAMS 0x0000000701500000, 0x0000000701400000| Untracked 
|   5|0x0000000701500000, 0x0000000701600000, 0x0000000701600000|100%|HS|  |TAMS 0x0000000701600000, 0x0000000701500000| Complete 
|   6|0x0000000701600000, 0x0000000701700000, 0x0000000701700000|100%|HC|  |TAMS 0x0000000701700000, 0x0000000701600000| Complete 
|   7|0x0000000701700000, 0x0000000701800000, 0x0000000701800000|100%|HC|  |TAMS 0x0000000701800000, 0x0000000701700000| Complete 
|   8|0x0000000701800000, 0x0000000701900000, 0x0000000701900000|100%| O|  |TAMS 0x0000000701900000, 0x0000000701800000| Untracked 
|   9|0x0000000701900000, 0x0000000701a00000, 0x0000000701a00000|100%| O|  |TAMS 0x0000000701a00000, 0x0000000701900000| Untracked 
|  10|0x0000000701a00000, 0x0000000701b00000, 0x0000000701b00000|100%| O|  |TAMS 0x0000000701b00000, 0x0000000701a00000| Untracked 
|  11|0x0000000701b00000, 0x0000000701c00000, 0x0000000701c00000|100%| O|  |TAMS 0x0000000701c00000, 0x0000000701b00000| Untracked 
|  12|0x0000000701c00000, 0x0000000701d00000, 0x0000000701d00000|100%| O|  |TAMS 0x0000000701d00000, 0x0000000701c00000| Untracked 
|  13|0x0000000701d00000, 0x0000000701e00000, 0x0000000701e00000|100%|HS|  |TAMS 0x0000000701e00000, 0x0000000701d00000| Complete 
|  14|0x0000000701e00000, 0x0000000701f00000, 0x0000000701f00000|100%|HC|  |TAMS 0x0000000701f00000, 0x0000000701e00000| Complete 
|  15|0x0000000701f00000, 0x0000000702000000, 0x0000000702000000|100%| O|  |TAMS 0x0000000702000000, 0x0000000701f00000| Untracked 
|  16|0x0000000702000000, 0x0000000702100000, 0x0000000702100000|100%| O|  |TAMS 0x0000000702100000, 0x0000000702000000| Untracked 
|  17|0x0000000702100000, 0x0000000702200000, 0x0000000702200000|100%| O|  |TAMS 0x0000000702200000, 0x0000000702100000| Untracked 
|  18|0x0000000702200000, 0x0000000702300000, 0x0000000702300000|100%| O|  |TAMS 0x000000070220c400, 0x0000000702200000| Untracked 
|  19|0x0000000702300000, 0x0000000702400000, 0x0000000702400000|100%| O|  |TAMS 0x0000000702300000, 0x0000000702300000| Untracked 
|  20|0x0000000702400000, 0x0000000702500000, 0x0000000702500000|100%| O|  |TAMS 0x0000000702400000, 0x0000000702400000| Untracked 
|  21|0x0000000702500000, 0x0000000702600000, 0x0000000702600000|100%| O|  |TAMS 0x0000000702500000, 0x0000000702500000| Untracked 
|  22|0x0000000702600000, 0x0000000702700000, 0x0000000702700000|100%| O|  |TAMS 0x0000000702600000, 0x0000000702600000| Untracked 
|  23|0x0000000702700000, 0x0000000702800000, 0x0000000702800000|100%| O|  |TAMS 0x0000000702700000, 0x0000000702700000| Untracked 
|  24|0x0000000702800000, 0x0000000702900000, 0x0000000702900000|100%| O|  |TAMS 0x0000000702800000, 0x0000000702800000| Untracked 
|  25|0x0000000702900000, 0x0000000702a00000, 0x0000000702a00000|100%| O|  |TAMS 0x0000000702900000, 0x0000000702900000| Untracked 
|  26|0x0000000702a00000, 0x0000000702b00000, 0x0000000702b00000|100%| O|  |TAMS 0x0000000702a00000, 0x0000000702a00000| Untracked 
|  27|0x0000000702b00000, 0x0000000702c00000, 0x0000000702c00000|100%| O|  |TAMS 0x0000000702b00000, 0x0000000702b00000| Untracked 
|  28|0x0000000702c00000, 0x0000000702d00000, 0x0000000702d00000|100%| O|  |TAMS 0x0000000702c00000, 0x0000000702c00000| Untracked 
|  29|0x0000000702d00000, 0x0000000702e00000, 0x0000000702e00000|100%| O|  |TAMS 0x0000000702d00000, 0x0000000702d00000| Untracked 
|  30|0x0000000702e00000, 0x0000000702f00000, 0x0000000702f00000|100%| O|  |TAMS 0x0000000702e00000, 0x0000000702e00000| Untracked 
|  31|0x0000000702f00000, 0x0000000703000000, 0x0000000703000000|100%| O|  |TAMS 0x0000000702f00000, 0x0000000702f00000| Untracked 
|  32|0x0000000703000000, 0x0000000703100000, 0x0000000703100000|100%| O|  |TAMS 0x0000000703000000, 0x0000000703000000| Untracked 
|  33|0x0000000703100000, 0x00000007031fa400, 0x0000000703200000| 97%| O|  |TAMS 0x0000000703100000, 0x0000000703100000| Untracked 
|  34|0x0000000703200000, 0x0000000703200000, 0x0000000703300000|  0%| F|  |TAMS 0x0000000703200000, 0x0000000703200000| Untracked 
|  35|0x0000000703300000, 0x0000000703300000, 0x0000000703400000|  0%| F|  |TAMS 0x0000000703300000, 0x0000000703300000| Untracked 
|  36|0x0000000703400000, 0x0000000703400000, 0x0000000703500000|  0%| F|  |TAMS 0x0000000703400000, 0x0000000703400000| Untracked 
|  37|0x0000000703500000, 0x0000000703500000, 0x0000000703600000|  0%| F|  |TAMS 0x0000000703500000, 0x0000000703500000| Untracked 
|  38|0x0000000703600000, 0x0000000703600000, 0x0000000703700000|  0%| F|  |TAMS 0x0000000703600000, 0x0000000703600000| Untracked 
|  39|0x0000000703700000, 0x0000000703700000, 0x0000000703800000|  0%| F|  |TAMS 0x0000000703700000, 0x0000000703700000| Untracked 
|  40|0x0000000703800000, 0x0000000703800000, 0x0000000703900000|  0%| F|  |TAMS 0x0000000703800000, 0x0000000703800000| Untracked 
|  41|0x0000000703900000, 0x0000000703900000, 0x0000000703a00000|  0%| F|  |TAMS 0x0000000703900000, 0x0000000703900000| Untracked 
|  42|0x0000000703a00000, 0x0000000703a00000, 0x0000000703b00000|  0%| F|  |TAMS 0x0000000703a00000, 0x0000000703a00000| Untracked 
|  43|0x0000000703b00000, 0x0000000703b00000, 0x0000000703c00000|  0%| F|  |TAMS 0x0000000703b00000, 0x0000000703b00000| Untracked 
|  44|0x0000000703c00000, 0x0000000703c00000, 0x0000000703d00000|  0%| F|  |TAMS 0x0000000703c00000, 0x0000000703c00000| Untracked 
|  45|0x0000000703d00000, 0x0000000703d00000, 0x0000000703e00000|  0%| F|  |TAMS 0x0000000703d00000, 0x0000000703d00000| Untracked 
|  46|0x0000000703e00000, 0x0000000703e00000, 0x0000000703f00000|  0%| F|  |TAMS 0x0000000703e00000, 0x0000000703e00000| Untracked 
|  47|0x0000000703f00000, 0x0000000703f00000, 0x0000000704000000|  0%| F|  |TAMS 0x0000000703f00000, 0x0000000703f00000| Untracked 
|  48|0x0000000704000000, 0x0000000704000000, 0x0000000704100000|  0%| F|  |TAMS 0x0000000704000000, 0x0000000704000000| Untracked 
|  49|0x0000000704100000, 0x0000000704100000, 0x0000000704200000|  0%| F|  |TAMS 0x0000000704100000, 0x0000000704100000| Untracked 
|  50|0x0000000704200000, 0x0000000704200000, 0x0000000704300000|  0%| F|  |TAMS 0x0000000704200000, 0x0000000704200000| Untracked 
|  51|0x0000000704300000, 0x0000000704300000, 0x0000000704400000|  0%| F|  |TAMS 0x0000000704300000, 0x0000000704300000| Untracked 
|  52|0x0000000704400000, 0x0000000704400000, 0x0000000704500000|  0%| F|  |TAMS 0x0000000704400000, 0x0000000704400000| Untracked 
|  53|0x0000000704500000, 0x0000000704500000, 0x0000000704600000|  0%| F|  |TAMS 0x0000000704500000, 0x0000000704500000| Untracked 
|  54|0x0000000704600000, 0x0000000704600000, 0x0000000704700000|  0%| F|  |TAMS 0x0000000704600000, 0x0000000704600000| Untracked 
|  55|0x0000000704700000, 0x0000000704700000, 0x0000000704800000|  0%| F|  |TAMS 0x0000000704700000, 0x0000000704700000| Untracked 
|  56|0x0000000704800000, 0x0000000704800000, 0x0000000704900000|  0%| F|  |TAMS 0x0000000704800000, 0x0000000704800000| Untracked 
|  57|0x0000000704900000, 0x0000000704900000, 0x0000000704a00000|  0%| F|  |TAMS 0x0000000704900000, 0x0000000704900000| Untracked 
|  58|0x0000000704a00000, 0x0000000704a00000, 0x0000000704b00000|  0%| F|  |TAMS 0x0000000704a00000, 0x0000000704a00000| Untracked 
|  59|0x0000000704b00000, 0x0000000704b00000, 0x0000000704c00000|  0%| F|  |TAMS 0x0000000704b00000, 0x0000000704b00000| Untracked 
|  60|0x0000000704c00000, 0x0000000704c00000, 0x0000000704d00000|  0%| F|  |TAMS 0x0000000704c00000, 0x0000000704c00000| Untracked 
|  61|0x0000000704d00000, 0x0000000704d00000, 0x0000000704e00000|  0%| F|  |TAMS 0x0000000704d00000, 0x0000000704d00000| Untracked 
|  62|0x0000000704e00000, 0x0000000704e00000, 0x0000000704f00000|  0%| F|  |TAMS 0x0000000704e00000, 0x0000000704e00000| Untracked 
|  63|0x0000000704f00000, 0x0000000704f00000, 0x0000000705000000|  0%| F|  |TAMS 0x0000000704f00000, 0x0000000704f00000| Untracked 
|  64|0x0000000705000000, 0x0000000705000000, 0x0000000705100000|  0%| F|  |TAMS 0x0000000705000000, 0x0000000705000000| Untracked 
|  65|0x0000000705100000, 0x0000000705100000, 0x0000000705200000|  0%| F|  |TAMS 0x0000000705100000, 0x0000000705100000| Untracked 
|  66|0x0000000705200000, 0x0000000705200000, 0x0000000705300000|  0%| F|  |TAMS 0x0000000705200000, 0x0000000705200000| Untracked 
|  67|0x0000000705300000, 0x0000000705300000, 0x0000000705400000|  0%| F|  |TAMS 0x0000000705300000, 0x0000000705300000| Untracked 
|  68|0x0000000705400000, 0x0000000705400000, 0x0000000705500000|  0%| F|  |TAMS 0x0000000705400000, 0x0000000705400000| Untracked 
|  69|0x0000000705500000, 0x0000000705500000, 0x0000000705600000|  0%| F|  |TAMS 0x0000000705500000, 0x0000000705500000| Untracked 
|  70|0x0000000705600000, 0x0000000705600000, 0x0000000705700000|  0%| F|  |TAMS 0x0000000705600000, 0x0000000705600000| Untracked 
|  71|0x0000000705700000, 0x0000000705700000, 0x0000000705800000|  0%| F|  |TAMS 0x0000000705700000, 0x0000000705700000| Untracked 
|  72|0x0000000705800000, 0x0000000705800000, 0x0000000705900000|  0%| F|  |TAMS 0x0000000705800000, 0x0000000705800000| Untracked 
|  73|0x0000000705900000, 0x0000000705900000, 0x0000000705a00000|  0%| F|  |TAMS 0x0000000705900000, 0x0000000705900000| Untracked 
|  74|0x0000000705a00000, 0x0000000705a00000, 0x0000000705b00000|  0%| F|  |TAMS 0x0000000705a00000, 0x0000000705a00000| Untracked 
|  75|0x0000000705b00000, 0x0000000705b00000, 0x0000000705c00000|  0%| F|  |TAMS 0x0000000705b00000, 0x0000000705b00000| Untracked 
|  76|0x0000000705c00000, 0x0000000705c00000, 0x0000000705d00000|  0%| F|  |TAMS 0x0000000705c00000, 0x0000000705c00000| Untracked 
|  77|0x0000000705d00000, 0x0000000705d00000, 0x0000000705e00000|  0%| F|  |TAMS 0x0000000705d00000, 0x0000000705d00000| Untracked 
|  78|0x0000000705e00000, 0x0000000705e00000, 0x0000000705f00000|  0%| F|  |TAMS 0x0000000705e00000, 0x0000000705e00000| Untracked 
|  79|0x0000000705f00000, 0x0000000705f00000, 0x0000000706000000|  0%| F|  |TAMS 0x0000000705f00000, 0x0000000705f00000| Untracked 
|  80|0x0000000706000000, 0x0000000706000000, 0x0000000706100000|  0%| F|  |TAMS 0x0000000706000000, 0x0000000706000000| Untracked 
|  81|0x0000000706100000, 0x0000000706100000, 0x0000000706200000|  0%| F|  |TAMS 0x0000000706100000, 0x0000000706100000| Untracked 
|  82|0x0000000706200000, 0x0000000706200000, 0x0000000706300000|  0%| F|  |TAMS 0x0000000706200000, 0x0000000706200000| Untracked 
|  83|0x0000000706300000, 0x0000000706300000, 0x0000000706400000|  0%| F|  |TAMS 0x0000000706300000, 0x0000000706300000| Untracked 
|  84|0x0000000706400000, 0x0000000706400000, 0x0000000706500000|  0%| F|  |TAMS 0x0000000706400000, 0x0000000706400000| Untracked 
|  85|0x0000000706500000, 0x0000000706500000, 0x0000000706600000|  0%| F|  |TAMS 0x0000000706500000, 0x0000000706500000| Untracked 
|  86|0x0000000706600000, 0x0000000706600000, 0x0000000706700000|  0%| F|  |TAMS 0x0000000706600000, 0x0000000706600000| Untracked 
|  87|0x0000000706700000, 0x0000000706700000, 0x0000000706800000|  0%| F|  |TAMS 0x0000000706700000, 0x0000000706700000| Untracked 
|  88|0x0000000706800000, 0x0000000706800000, 0x0000000706900000|  0%| F|  |TAMS 0x0000000706800000, 0x0000000706800000| Untracked 
|  89|0x0000000706900000, 0x0000000706900000, 0x0000000706a00000|  0%| F|  |TAMS 0x0000000706900000, 0x0000000706900000| Untracked 
|  90|0x0000000706a00000, 0x0000000706a00000, 0x0000000706b00000|  0%| F|  |TAMS 0x0000000706a00000, 0x0000000706a00000| Untracked 
|  91|0x0000000706b00000, 0x0000000706b00000, 0x0000000706c00000|  0%| F|  |TAMS 0x0000000706b00000, 0x0000000706b00000| Untracked 
|  92|0x0000000706c00000, 0x0000000706c00000, 0x0000000706d00000|  0%| F|  |TAMS 0x0000000706c00000, 0x0000000706c00000| Untracked 
|  93|0x0000000706d00000, 0x0000000706d00000, 0x0000000706e00000|  0%| F|  |TAMS 0x0000000706d00000, 0x0000000706d00000| Untracked 
|  94|0x0000000706e00000, 0x0000000706e00000, 0x0000000706f00000|  0%| F|  |TAMS 0x0000000706e00000, 0x0000000706e00000| Untracked 
|  95|0x0000000706f00000, 0x0000000706f00000, 0x0000000707000000|  0%| F|  |TAMS 0x0000000706f00000, 0x0000000706f00000| Untracked 
|  96|0x0000000707000000, 0x0000000707000000, 0x0000000707100000|  0%| F|  |TAMS 0x0000000707000000, 0x0000000707000000| Untracked 
|  97|0x0000000707100000, 0x0000000707100000, 0x0000000707200000|  0%| F|  |TAMS 0x0000000707100000, 0x0000000707100000| Untracked 
|  98|0x0000000707200000, 0x0000000707200000, 0x0000000707300000|  0%| F|  |TAMS 0x0000000707200000, 0x0000000707200000| Untracked 
|  99|0x0000000707300000, 0x0000000707300000, 0x0000000707400000|  0%| F|  |TAMS 0x0000000707300000, 0x0000000707300000| Untracked 
| 100|0x0000000707400000, 0x0000000707400000, 0x0000000707500000|  0%| F|  |TAMS 0x0000000707400000, 0x0000000707400000| Untracked 
| 101|0x0000000707500000, 0x0000000707500000, 0x0000000707600000|  0%| F|  |TAMS 0x0000000707500000, 0x0000000707500000| Untracked 
| 102|0x0000000707600000, 0x0000000707600000, 0x0000000707700000|  0%| F|  |TAMS 0x0000000707600000, 0x0000000707600000| Untracked 
| 103|0x0000000707700000, 0x0000000707700000, 0x0000000707800000|  0%| F|  |TAMS 0x0000000707700000, 0x0000000707700000| Untracked 
| 104|0x0000000707800000, 0x0000000707800000, 0x0000000707900000|  0%| F|  |TAMS 0x0000000707800000, 0x0000000707800000| Untracked 
| 105|0x0000000707900000, 0x0000000707900000, 0x0000000707a00000|  0%| F|  |TAMS 0x0000000707900000, 0x0000000707900000| Untracked 
| 106|0x0000000707a00000, 0x0000000707a00000, 0x0000000707b00000|  0%| F|  |TAMS 0x0000000707a00000, 0x0000000707a00000| Untracked 
| 107|0x0000000707b00000, 0x0000000707b00000, 0x0000000707c00000|  0%| F|  |TAMS 0x0000000707b00000, 0x0000000707b00000| Untracked 
| 108|0x0000000707c00000, 0x0000000707c00000, 0x0000000707d00000|  0%| F|  |TAMS 0x0000000707c00000, 0x0000000707c00000| Untracked 
| 109|0x0000000707d00000, 0x0000000707d00000, 0x0000000707e00000|  0%| F|  |TAMS 0x0000000707d00000, 0x0000000707d00000| Untracked 
| 110|0x0000000707e00000, 0x0000000707e00000, 0x0000000707f00000|  0%| F|  |TAMS 0x0000000707e00000, 0x0000000707e00000| Untracked 
| 111|0x0000000707f00000, 0x0000000707f00000, 0x0000000708000000|  0%| F|  |TAMS 0x0000000707f00000, 0x0000000707f00000| Untracked 
| 112|0x0000000708000000, 0x0000000708000000, 0x0000000708100000|  0%| F|  |TAMS 0x0000000708000000, 0x0000000708000000| Untracked 
| 113|0x0000000708100000, 0x0000000708100000, 0x0000000708200000|  0%| F|  |TAMS 0x0000000708100000, 0x0000000708100000| Untracked 
| 114|0x0000000708200000, 0x0000000708200000, 0x0000000708300000|  0%| F|  |TAMS 0x0000000708200000, 0x0000000708200000| Untracked 
| 115|0x0000000708300000, 0x0000000708300000, 0x0000000708400000|  0%| F|  |TAMS 0x0000000708300000, 0x0000000708300000| Untracked 
| 116|0x0000000708400000, 0x0000000708400000, 0x0000000708500000|  0%| F|  |TAMS 0x0000000708400000, 0x0000000708400000| Untracked 
| 117|0x0000000708500000, 0x0000000708500000, 0x0000000708600000|  0%| F|  |TAMS 0x0000000708500000, 0x0000000708500000| Untracked 
| 118|0x0000000708600000, 0x0000000708600000, 0x0000000708700000|  0%| F|  |TAMS 0x0000000708600000, 0x0000000708600000| Untracked 
| 119|0x0000000708700000, 0x0000000708700000, 0x0000000708800000|  0%| F|  |TAMS 0x0000000708700000, 0x0000000708700000| Untracked 
| 120|0x0000000708800000, 0x0000000708800000, 0x0000000708900000|  0%| F|  |TAMS 0x0000000708800000, 0x0000000708800000| Untracked 
| 121|0x0000000708900000, 0x0000000708900000, 0x0000000708a00000|  0%| F|  |TAMS 0x0000000708900000, 0x0000000708900000| Untracked 
| 122|0x0000000708a00000, 0x0000000708a00000, 0x0000000708b00000|  0%| F|  |TAMS 0x0000000708a00000, 0x0000000708a00000| Untracked 
| 123|0x0000000708b00000, 0x0000000708b00000, 0x0000000708c00000|  0%| F|  |TAMS 0x0000000708b00000, 0x0000000708b00000| Untracked 
| 124|0x0000000708c00000, 0x0000000708c00000, 0x0000000708d00000|  0%| F|  |TAMS 0x0000000708c00000, 0x0000000708c00000| Untracked 
| 125|0x0000000708d00000, 0x0000000708d00000, 0x0000000708e00000|  0%| F|  |TAMS 0x0000000708d00000, 0x0000000708d00000| Untracked 
| 126|0x0000000708e00000, 0x0000000708e00000, 0x0000000708f00000|  0%| F|  |TAMS 0x0000000708e00000, 0x0000000708e00000| Untracked 
| 127|0x0000000708f00000, 0x0000000708f00000, 0x0000000709000000|  0%| F|  |TAMS 0x0000000708f00000, 0x0000000708f00000| Untracked 
| 128|0x0000000709000000, 0x0000000709000000, 0x0000000709100000|  0%| F|  |TAMS 0x0000000709000000, 0x0000000709000000| Untracked 
| 129|0x0000000709100000, 0x0000000709100000, 0x0000000709200000|  0%| F|  |TAMS 0x0000000709100000, 0x0000000709100000| Untracked 
| 130|0x0000000709200000, 0x0000000709200000, 0x0000000709300000|  0%| F|  |TAMS 0x0000000709200000, 0x0000000709200000| Untracked 
| 131|0x0000000709300000, 0x0000000709300000, 0x0000000709400000|  0%| F|  |TAMS 0x0000000709300000, 0x0000000709300000| Untracked 
| 132|0x0000000709400000, 0x0000000709400000, 0x0000000709500000|  0%| F|  |TAMS 0x0000000709400000, 0x0000000709400000| Untracked 
| 133|0x0000000709500000, 0x0000000709500000, 0x0000000709600000|  0%| F|  |TAMS 0x0000000709500000, 0x0000000709500000| Untracked 
| 134|0x0000000709600000, 0x0000000709600000, 0x0000000709700000|  0%| F|  |TAMS 0x0000000709600000, 0x0000000709600000| Untracked 
| 135|0x0000000709700000, 0x0000000709700000, 0x0000000709800000|  0%| F|  |TAMS 0x0000000709700000, 0x0000000709700000| Untracked 
| 136|0x0000000709800000, 0x0000000709800000, 0x0000000709900000|  0%| F|  |TAMS 0x0000000709800000, 0x0000000709800000| Untracked 
| 137|0x0000000709900000, 0x0000000709900000, 0x0000000709a00000|  0%| F|  |TAMS 0x0000000709900000, 0x0000000709900000| Untracked 
| 138|0x0000000709a00000, 0x0000000709a00000, 0x0000000709b00000|  0%| F|  |TAMS 0x0000000709a00000, 0x0000000709a00000| Untracked 
| 139|0x0000000709b00000, 0x0000000709b00000, 0x0000000709c00000|  0%| F|  |TAMS 0x0000000709b00000, 0x0000000709b00000| Untracked 
| 140|0x0000000709c00000, 0x0000000709c00000, 0x0000000709d00000|  0%| F|  |TAMS 0x0000000709c00000, 0x0000000709c00000| Untracked 
| 141|0x0000000709d00000, 0x0000000709d00000, 0x0000000709e00000|  0%| F|  |TAMS 0x0000000709d00000, 0x0000000709d00000| Untracked 
| 142|0x0000000709e00000, 0x0000000709e00000, 0x0000000709f00000|  0%| F|  |TAMS 0x0000000709e00000, 0x0000000709e00000| Untracked 
| 143|0x0000000709f00000, 0x0000000709f00000, 0x000000070a000000|  0%| F|  |TAMS 0x0000000709f00000, 0x0000000709f00000| Untracked 
| 144|0x000000070a000000, 0x000000070a000000, 0x000000070a100000|  0%| F|  |TAMS 0x000000070a000000, 0x000000070a000000| Untracked 
| 145|0x000000070a100000, 0x000000070a100000, 0x000000070a200000|  0%| F|  |TAMS 0x000000070a100000, 0x000000070a100000| Untracked 
| 146|0x000000070a200000, 0x000000070a200000, 0x000000070a300000|  0%| F|  |TAMS 0x000000070a200000, 0x000000070a200000| Untracked 
| 147|0x000000070a300000, 0x000000070a300000, 0x000000070a400000|  0%| F|  |TAMS 0x000000070a300000, 0x000000070a300000| Untracked 
| 148|0x000000070a400000, 0x000000070a400000, 0x000000070a500000|  0%| F|  |TAMS 0x000000070a400000, 0x000000070a400000| Untracked 
| 149|0x000000070a500000, 0x000000070a500000, 0x000000070a600000|  0%| F|  |TAMS 0x000000070a500000, 0x000000070a500000| Untracked 
| 150|0x000000070a600000, 0x000000070a600000, 0x000000070a700000|  0%| F|  |TAMS 0x000000070a600000, 0x000000070a600000| Untracked 
| 151|0x000000070a700000, 0x000000070a700000, 0x000000070a800000|  0%| F|  |TAMS 0x000000070a700000, 0x000000070a700000| Untracked 
| 152|0x000000070a800000, 0x000000070a800000, 0x000000070a900000|  0%| F|  |TAMS 0x000000070a800000, 0x000000070a800000| Untracked 
| 153|0x000000070a900000, 0x000000070a900000, 0x000000070aa00000|  0%| F|  |TAMS 0x000000070a900000, 0x000000070a900000| Untracked 
| 154|0x000000070aa00000, 0x000000070aaba9c0, 0x000000070ab00000| 72%| S|CS|TAMS 0x000000070aa00000, 0x000000070aa00000| Complete 
| 155|0x000000070ab00000, 0x000000070ac00000, 0x000000070ac00000|100%| S|CS|TAMS 0x000000070ab00000, 0x000000070ab00000| Complete 
| 156|0x000000070ac00000, 0x000000070ad00000, 0x000000070ad00000|100%| S|CS|TAMS 0x000000070ac00000, 0x000000070ac00000| Complete 
| 157|0x000000070ad00000, 0x000000070ae00000, 0x000000070ae00000|100%| S|CS|TAMS 0x000000070ad00000, 0x000000070ad00000| Complete 
| 158|0x000000070ae00000, 0x000000070af00000, 0x000000070af00000|100%| S|CS|TAMS 0x000000070ae00000, 0x000000070ae00000| Complete 
| 159|0x000000070af00000, 0x000000070b000000, 0x000000070b000000|100%| S|CS|TAMS 0x000000070af00000, 0x000000070af00000| Complete 
| 160|0x000000070b000000, 0x000000070b100000, 0x000000070b100000|100%| S|CS|TAMS 0x000000070b000000, 0x000000070b000000| Complete 
| 161|0x000000070b100000, 0x000000070b200000, 0x000000070b200000|100%| S|CS|TAMS 0x000000070b100000, 0x000000070b100000| Complete 
| 162|0x000000070b200000, 0x000000070b300000, 0x000000070b300000|100%| S|CS|TAMS 0x000000070b200000, 0x000000070b200000| Complete 
| 163|0x000000070b300000, 0x000000070b400000, 0x000000070b400000|100%| S|CS|TAMS 0x000000070b300000, 0x000000070b300000| Complete 
| 164|0x000000070b400000, 0x000000070b500000, 0x000000070b500000|100%| S|CS|TAMS 0x000000070b400000, 0x000000070b400000| Complete 
| 165|0x000000070b500000, 0x000000070b500000, 0x000000070b600000|  0%| F|  |TAMS 0x000000070b500000, 0x000000070b500000| Untracked 
| 166|0x000000070b600000, 0x000000070b600000, 0x000000070b700000|  0%| F|  |TAMS 0x000000070b600000, 0x000000070b600000| Untracked 
| 167|0x000000070b700000, 0x000000070b700000, 0x000000070b800000|  0%| F|  |TAMS 0x000000070b700000, 0x000000070b700000| Untracked 
| 168|0x000000070b800000, 0x000000070b800000, 0x000000070b900000|  0%| F|  |TAMS 0x000000070b800000, 0x000000070b800000| Untracked 
| 169|0x000000070b900000, 0x000000070b900000, 0x000000070ba00000|  0%| F|  |TAMS 0x000000070b900000, 0x000000070b900000| Untracked 
| 170|0x000000070ba00000, 0x000000070ba00000, 0x000000070bb00000|  0%| F|  |TAMS 0x000000070ba00000, 0x000000070ba00000| Untracked 
| 171|0x000000070bb00000, 0x000000070bb00000, 0x000000070bc00000|  0%| F|  |TAMS 0x000000070bb00000, 0x000000070bb00000| Untracked 
| 172|0x000000070bc00000, 0x000000070bc00000, 0x000000070bd00000|  0%| F|  |TAMS 0x000000070bc00000, 0x000000070bc00000| Untracked 
| 173|0x000000070bd00000, 0x000000070bd00000, 0x000000070be00000|  0%| F|  |TAMS 0x000000070bd00000, 0x000000070bd00000| Untracked 
| 174|0x000000070be00000, 0x000000070be00000, 0x000000070bf00000|  0%| F|  |TAMS 0x000000070be00000, 0x000000070be00000| Untracked 
| 175|0x000000070bf00000, 0x000000070bf00000, 0x000000070c000000|  0%| F|  |TAMS 0x000000070bf00000, 0x000000070bf00000| Untracked 
| 176|0x000000070c000000, 0x000000070c000000, 0x000000070c100000|  0%| F|  |TAMS 0x000000070c000000, 0x000000070c000000| Untracked 
| 177|0x000000070c100000, 0x000000070c100000, 0x000000070c200000|  0%| F|  |TAMS 0x000000070c100000, 0x000000070c100000| Untracked 
| 178|0x000000070c200000, 0x000000070c200000, 0x000000070c300000|  0%| F|  |TAMS 0x000000070c200000, 0x000000070c200000| Untracked 
| 179|0x000000070c300000, 0x000000070c300000, 0x000000070c400000|  0%| F|  |TAMS 0x000000070c300000, 0x000000070c300000| Untracked 
| 180|0x000000070c400000, 0x000000070c400000, 0x000000070c500000|  0%| F|  |TAMS 0x000000070c400000, 0x000000070c400000| Untracked 
| 181|0x000000070c500000, 0x000000070c500000, 0x000000070c600000|  0%| F|  |TAMS 0x000000070c500000, 0x000000070c500000| Untracked 
| 182|0x000000070c600000, 0x000000070c600000, 0x000000070c700000|  0%| F|  |TAMS 0x000000070c600000, 0x000000070c600000| Untracked 
| 183|0x000000070c700000, 0x000000070c700000, 0x000000070c800000|  0%| F|  |TAMS 0x000000070c700000, 0x000000070c700000| Untracked 
| 184|0x000000070c800000, 0x000000070c800000, 0x000000070c900000|  0%| F|  |TAMS 0x000000070c800000, 0x000000070c800000| Untracked 
| 185|0x000000070c900000, 0x000000070c900000, 0x000000070ca00000|  0%| F|  |TAMS 0x000000070c900000, 0x000000070c900000| Untracked 
| 186|0x000000070ca00000, 0x000000070ca00000, 0x000000070cb00000|  0%| F|  |TAMS 0x000000070ca00000, 0x000000070ca00000| Untracked 
| 187|0x000000070cb00000, 0x000000070cb00000, 0x000000070cc00000|  0%| F|  |TAMS 0x000000070cb00000, 0x000000070cb00000| Untracked 
| 188|0x000000070cc00000, 0x000000070cc00000, 0x000000070cd00000|  0%| F|  |TAMS 0x000000070cc00000, 0x000000070cc00000| Untracked 
| 189|0x000000070cd00000, 0x000000070cd00000, 0x000000070ce00000|  0%| F|  |TAMS 0x000000070cd00000, 0x000000070cd00000| Untracked 
| 190|0x000000070ce00000, 0x000000070ce00000, 0x000000070cf00000|  0%| F|  |TAMS 0x000000070ce00000, 0x000000070ce00000| Untracked 
| 191|0x000000070cf00000, 0x000000070cf00000, 0x000000070d000000|  0%| F|  |TAMS 0x000000070cf00000, 0x000000070cf00000| Untracked 
| 192|0x000000070d000000, 0x000000070d000000, 0x000000070d100000|  0%| F|  |TAMS 0x000000070d000000, 0x000000070d000000| Untracked 
| 193|0x000000070d100000, 0x000000070d100000, 0x000000070d200000|  0%| F|  |TAMS 0x000000070d100000, 0x000000070d100000| Untracked 
| 194|0x000000070d200000, 0x000000070d200000, 0x000000070d300000|  0%| F|  |TAMS 0x000000070d200000, 0x000000070d200000| Untracked 
| 195|0x000000070d300000, 0x000000070d300000, 0x000000070d400000|  0%| F|  |TAMS 0x000000070d300000, 0x000000070d300000| Untracked 
| 196|0x000000070d400000, 0x000000070d400000, 0x000000070d500000|  0%| F|  |TAMS 0x000000070d400000, 0x000000070d400000| Untracked 
| 197|0x000000070d500000, 0x000000070d500000, 0x000000070d600000|  0%| F|  |TAMS 0x000000070d500000, 0x000000070d500000| Untracked 
| 198|0x000000070d600000, 0x000000070d600000, 0x000000070d700000|  0%| F|  |TAMS 0x000000070d600000, 0x000000070d600000| Untracked 
| 199|0x000000070d700000, 0x000000070d700000, 0x000000070d800000|  0%| F|  |TAMS 0x000000070d700000, 0x000000070d700000| Untracked 
| 200|0x000000070d800000, 0x000000070d800000, 0x000000070d900000|  0%| F|  |TAMS 0x000000070d800000, 0x000000070d800000| Untracked 
| 201|0x000000070d900000, 0x000000070d900000, 0x000000070da00000|  0%| F|  |TAMS 0x000000070d900000, 0x000000070d900000| Untracked 
| 202|0x000000070da00000, 0x000000070da00000, 0x000000070db00000|  0%| F|  |TAMS 0x000000070da00000, 0x000000070da00000| Untracked 
| 203|0x000000070db00000, 0x000000070db00000, 0x000000070dc00000|  0%| F|  |TAMS 0x000000070db00000, 0x000000070db00000| Untracked 
| 204|0x000000070dc00000, 0x000000070dc00000, 0x000000070dd00000|  0%| F|  |TAMS 0x000000070dc00000, 0x000000070dc00000| Untracked 
| 205|0x000000070dd00000, 0x000000070dd00000, 0x000000070de00000|  0%| F|  |TAMS 0x000000070dd00000, 0x000000070dd00000| Untracked 
| 206|0x000000070de00000, 0x000000070de00000, 0x000000070df00000|  0%| F|  |TAMS 0x000000070de00000, 0x000000070de00000| Untracked 
| 207|0x000000070df00000, 0x000000070df00000, 0x000000070e000000|  0%| F|  |TAMS 0x000000070df00000, 0x000000070df00000| Untracked 
| 208|0x000000070e000000, 0x000000070e000000, 0x000000070e100000|  0%| F|  |TAMS 0x000000070e000000, 0x000000070e000000| Untracked 
| 209|0x000000070e100000, 0x000000070e100000, 0x000000070e200000|  0%| F|  |TAMS 0x000000070e100000, 0x000000070e100000| Untracked 
| 210|0x000000070e200000, 0x000000070e200000, 0x000000070e300000|  0%| F|  |TAMS 0x000000070e200000, 0x000000070e200000| Untracked 
| 211|0x000000070e300000, 0x000000070e300000, 0x000000070e400000|  0%| F|  |TAMS 0x000000070e300000, 0x000000070e300000| Untracked 
| 212|0x000000070e400000, 0x000000070e400000, 0x000000070e500000|  0%| F|  |TAMS 0x000000070e400000, 0x000000070e400000| Untracked 
| 213|0x000000070e500000, 0x000000070e500000, 0x000000070e600000|  0%| F|  |TAMS 0x000000070e500000, 0x000000070e500000| Untracked 
| 214|0x000000070e600000, 0x000000070e600000, 0x000000070e700000|  0%| F|  |TAMS 0x000000070e600000, 0x000000070e600000| Untracked 
| 215|0x000000070e700000, 0x000000070e700000, 0x000000070e800000|  0%| F|  |TAMS 0x000000070e700000, 0x000000070e700000| Untracked 
| 216|0x000000070e800000, 0x000000070e800000, 0x000000070e900000|  0%| F|  |TAMS 0x000000070e800000, 0x000000070e800000| Untracked 
| 217|0x000000070e900000, 0x000000070e900000, 0x000000070ea00000|  0%| F|  |TAMS 0x000000070e900000, 0x000000070e900000| Untracked 
| 218|0x000000070ea00000, 0x000000070ea00000, 0x000000070eb00000|  0%| F|  |TAMS 0x000000070ea00000, 0x000000070ea00000| Untracked 
| 219|0x000000070eb00000, 0x000000070eb00000, 0x000000070ec00000|  0%| F|  |TAMS 0x000000070eb00000, 0x000000070eb00000| Untracked 
| 220|0x000000070ec00000, 0x000000070ec00000, 0x000000070ed00000|  0%| F|  |TAMS 0x000000070ec00000, 0x000000070ec00000| Untracked 
| 221|0x000000070ed00000, 0x000000070ed00000, 0x000000070ee00000|  0%| F|  |TAMS 0x000000070ed00000, 0x000000070ed00000| Untracked 
| 222|0x000000070ee00000, 0x000000070ee00000, 0x000000070ef00000|  0%| F|  |TAMS 0x000000070ee00000, 0x000000070ee00000| Untracked 
| 223|0x000000070ef00000, 0x000000070ef00000, 0x000000070f000000|  0%| F|  |TAMS 0x000000070ef00000, 0x000000070ef00000| Untracked 
| 224|0x000000070f000000, 0x000000070f000000, 0x000000070f100000|  0%| F|  |TAMS 0x000000070f000000, 0x000000070f000000| Untracked 
| 225|0x000000070f100000, 0x000000070f100000, 0x000000070f200000|  0%| F|  |TAMS 0x000000070f100000, 0x000000070f100000| Untracked 
| 226|0x000000070f200000, 0x000000070f200000, 0x000000070f300000|  0%| F|  |TAMS 0x000000070f200000, 0x000000070f200000| Untracked 
| 227|0x000000070f300000, 0x000000070f300000, 0x000000070f400000|  0%| F|  |TAMS 0x000000070f300000, 0x000000070f300000| Untracked 
| 228|0x000000070f400000, 0x000000070f400000, 0x000000070f500000|  0%| F|  |TAMS 0x000000070f400000, 0x000000070f400000| Untracked 
| 229|0x000000070f500000, 0x000000070f500000, 0x000000070f600000|  0%| F|  |TAMS 0x000000070f500000, 0x000000070f500000| Untracked 
| 230|0x000000070f600000, 0x000000070f600000, 0x000000070f700000|  0%| F|  |TAMS 0x000000070f600000, 0x000000070f600000| Untracked 
| 231|0x000000070f700000, 0x000000070f700000, 0x000000070f800000|  0%| F|  |TAMS 0x000000070f700000, 0x000000070f700000| Untracked 
| 232|0x000000070f800000, 0x000000070f800000, 0x000000070f900000|  0%| F|  |TAMS 0x000000070f800000, 0x000000070f800000| Untracked 
| 233|0x000000070f900000, 0x000000070f900000, 0x000000070fa00000|  0%| F|  |TAMS 0x000000070f900000, 0x000000070f900000| Untracked 
| 234|0x000000070fa00000, 0x000000070fa00000, 0x000000070fb00000|  0%| F|  |TAMS 0x000000070fa00000, 0x000000070fa00000| Untracked 
| 235|0x000000070fb00000, 0x000000070fb00000, 0x000000070fc00000|  0%| F|  |TAMS 0x000000070fb00000, 0x000000070fb00000| Untracked 
| 236|0x000000070fc00000, 0x000000070fc00000, 0x000000070fd00000|  0%| F|  |TAMS 0x000000070fc00000, 0x000000070fc00000| Untracked 
| 237|0x000000070fd00000, 0x000000070fd00000, 0x000000070fe00000|  0%| F|  |TAMS 0x000000070fd00000, 0x000000070fd00000| Untracked 
| 238|0x000000070fe00000, 0x000000070fe00000, 0x000000070ff00000|  0%| F|  |TAMS 0x000000070fe00000, 0x000000070fe00000| Untracked 
| 239|0x000000070ff00000, 0x000000070ff00000, 0x0000000710000000|  0%| F|  |TAMS 0x000000070ff00000, 0x000000070ff00000| Untracked 
| 240|0x0000000710000000, 0x0000000710000000, 0x0000000710100000|  0%| F|  |TAMS 0x0000000710000000, 0x0000000710000000| Untracked 
| 241|0x0000000710100000, 0x0000000710100000, 0x0000000710200000|  0%| F|  |TAMS 0x0000000710100000, 0x0000000710100000| Untracked 
| 242|0x0000000710200000, 0x0000000710200000, 0x0000000710300000|  0%| F|  |TAMS 0x0000000710200000, 0x0000000710200000| Untracked 
| 243|0x0000000710300000, 0x0000000710300000, 0x0000000710400000|  0%| F|  |TAMS 0x0000000710300000, 0x0000000710300000| Untracked 
| 244|0x0000000710400000, 0x0000000710400000, 0x0000000710500000|  0%| F|  |TAMS 0x0000000710400000, 0x0000000710400000| Untracked 
| 245|0x0000000710500000, 0x0000000710500000, 0x0000000710600000|  0%| F|  |TAMS 0x0000000710500000, 0x0000000710500000| Untracked 
| 246|0x0000000710600000, 0x0000000710600000, 0x0000000710700000|  0%| F|  |TAMS 0x0000000710600000, 0x0000000710600000| Untracked 
| 247|0x0000000710700000, 0x0000000710700000, 0x0000000710800000|  0%| F|  |TAMS 0x0000000710700000, 0x0000000710700000| Untracked 
| 248|0x0000000710800000, 0x0000000710800000, 0x0000000710900000|  0%| F|  |TAMS 0x0000000710800000, 0x0000000710800000| Untracked 
| 249|0x0000000710900000, 0x0000000710900000, 0x0000000710a00000|  0%| F|  |TAMS 0x0000000710900000, 0x0000000710900000| Untracked 
| 250|0x0000000710a00000, 0x0000000710a00000, 0x0000000710b00000|  0%| F|  |TAMS 0x0000000710a00000, 0x0000000710a00000| Untracked 
| 251|0x0000000710b00000, 0x0000000710b00000, 0x0000000710c00000|  0%| F|  |TAMS 0x0000000710b00000, 0x0000000710b00000| Untracked 
| 252|0x0000000710c00000, 0x0000000710c00000, 0x0000000710d00000|  0%| F|  |TAMS 0x0000000710c00000, 0x0000000710c00000| Untracked 
| 253|0x0000000710d00000, 0x0000000710d00000, 0x0000000710e00000|  0%| F|  |TAMS 0x0000000710d00000, 0x0000000710d00000| Untracked 
| 254|0x0000000710e00000, 0x0000000710e00000, 0x0000000710f00000|  0%| F|  |TAMS 0x0000000710e00000, 0x0000000710e00000| Untracked 
| 255|0x0000000710f00000, 0x0000000710f00000, 0x0000000711000000|  0%| F|  |TAMS 0x0000000710f00000, 0x0000000710f00000| Untracked 

Card table byte_map: [0x0000000016240000,0x0000000016a40000] _byte_map_base: 0x0000000012a38000

Marking Bits (Prev, Next): (CMBitMap*) 0x00000000001664c0, (CMBitMap*) 0x0000000000166488
 Prev Bits: [0x000000001b200000, 0x000000001f1c0000)
 Next Bits: [0x0000000017240000, 0x000000001b200000)

Polling page: 0x0000000002270000

Metaspace:

Usage:
  Non-class:     55.35 MB capacity,    54.87 MB (>99%) used,   379.45 KB ( <1%) free+waste,   109.63 KB ( <1%) overhead. 
      Class:      7.49 MB capacity,     7.13 MB ( 95%) used,   321.26 KB (  4%) free+waste,    49.44 KB ( <1%) overhead. 
       Both:     62.83 MB capacity,    62.00 MB ( 99%) used,   700.70 KB (  1%) free+waste,   159.06 KB ( <1%) overhead. 

Virtual space:
  Non-class space:       56.00 MB reserved,      55.50 MB (>99%) committed 
      Class space:        1.00 GB reserved,       7.50 MB ( <1%) committed 
             Both:        1.05 GB reserved,      63.00 MB (  6%) committed 

Chunk freelists:
   Non-Class:  30.00 KB
       Class:  11.00 KB
        Both:  41.00 KB

MaxMetaspaceSize: 17179869184.00 GB
CompressedClassSpaceSize: 1.00 GB
Initial GC threshold: 20.80 MB
Current GC threshold: 79.38 MB
CDS: off

CodeHeap 'non-profiled nmethods': size=120064Kb used=3825Kb max_used=3825Kb free=116238Kb
 bounds [0x000000000e2e0000, 0x000000000e6a0000, 0x0000000015820000]
CodeHeap 'profiled nmethods': size=120000Kb used=19235Kb max_used=19235Kb free=100764Kb
 bounds [0x0000000006db0000, 0x0000000008080000, 0x000000000e2e0000]
CodeHeap 'non-nmethods': size=5696Kb used=1304Kb max_used=1342Kb free=4391Kb
 bounds [0x0000000006820000, 0x0000000006a90000, 0x0000000006db0000]
 total_blobs=7797 nmethods=7205 adapters=503
 compilation: enabled
              stopped_count=0, restarted_count=0
 full_count=0

Compilation events (20 events):
Event: 30.936 Thread 0x0000000021bea000 nmethod 7250 0x0000000008070210 code [0x00000000080705c0, 0x0000000008071f38]
Event: 30.936 Thread 0x0000000021bea000 7251       3       org.jetbrains.kotlin.resolve.calls.util.CallMaker$CallImpl::getCallElement (14 bytes)
Event: 30.936 Thread 0x0000000021bea000 nmethod 7251 0x0000000008072610 code [0x00000000080727c0, 0x0000000008072948]
Event: 30.959 Thread 0x0000000021bea000 7252       3       org.jetbrains.kotlin.types.expressions.ExpressionTypingVisitorDispatcher::getComponents (13 bytes)
Event: 30.960 Thread 0x0000000021bea000 nmethod 7252 0x0000000008072a10 code [0x0000000008072bc0, 0x0000000008072d48]
Event: 30.962 Thread 0x0000000021bea000 7254       3       org.jetbrains.kotlin.resolve.lazy.LazyImportScope::definitelyDoesNotContainName (51 bytes)
Event: 30.963 Thread 0x0000000021bea000 nmethod 7254 0x0000000008072e10 code [0x0000000008073060, 0x00000000080737d8]
Event: 30.963 Thread 0x0000000021bea000 7255       3       org.jetbrains.kotlin.resolve.AllUnderImportScope::getContributedVariables (152 bytes)
Event: 30.965 Thread 0x0000000021be8800 nmethod 7243 0x000000000e69a710 code [0x000000000e69a920, 0x000000000e69b4e8]
Event: 30.965 Thread 0x0000000021bea000 nmethod 7255 0x0000000008073a90 code [0x0000000008073e40, 0x0000000008075518]
Event: 30.965 Thread 0x0000000021be8800 7253       4       org.jetbrains.kotlin.util.slicedMap.BasicWritableSlice::check (39 bytes)
Event: 30.966 Thread 0x0000000021be8800 nmethod 7253 0x000000000e69c410 code [0x000000000e69c5a0, 0x000000000e69c618]
Event: 30.967 Thread 0x0000000021bea000 7256       3       org.jetbrains.kotlin.resolve.scopes.MemberScopeImpl::getContributedFunctions (19 bytes)
Event: 30.968 Thread 0x0000000021bea000 nmethod 7256 0x0000000008075d10 code [0x0000000008075fc0, 0x0000000008076a58]
Event: 30.981 Thread 0x0000000021bea000 7257       3       org.jetbrains.kotlin.resolve.calls.util.CallUtilKt::isSafeCall (37 bytes)
Event: 30.981 Thread 0x0000000021bea000 nmethod 7257 0x0000000008076e10 code [0x0000000008077080, 0x0000000008077ae8]
Event: 30.984 Thread 0x0000000021bea000 7258       3       org.jetbrains.kotlin.load.java.lazy.LazyJavaPackageFragmentProvider::getPackageFragments (15 bytes)
Event: 30.985 Thread 0x0000000021be8800 7259       4       org.jetbrains.kotlin.com.intellij.openapi.util.Comparing::equal (80 bytes)
Event: 30.985 Thread 0x0000000021bea000 nmethod 7258 0x0000000008077e10 code [0x00000000080780a0, 0x0000000008078af8]
Event: 30.985 Thread 0x0000000021bea000 7260       3       org.jetbrains.kotlin.load.java.lazy.descriptors.LazyJavaPackageFragment::findClassifierByJavaClass$descriptors_jvm (18 bytes)

GC Heap History (13 events):
Event: 1.172 GC heap before
{Heap before GC invocations=0 (full 0):
 garbage-first heap   total 262144K, used 17408K [0x0000000701000000, 0x0000000800000000)
  region size 1024K, 14 young (14336K), 0 survivors (0K)
 Metaspace       used 9925K, capacity 10066K, committed 10112K, reserved 1058816K
  class space    used 833K, capacity 885K, committed 896K, reserved 1048576K
}
Event: 1.196 GC heap after
{Heap after GC invocations=1 (full 0):
 garbage-first heap   total 262144K, used 5460K [0x0000000701000000, 0x0000000800000000)
  region size 1024K, 2 young (2048K), 2 survivors (2048K)
 Metaspace       used 9925K, capacity 10066K, committed 10112K, reserved 1058816K
  class space    used 833K, capacity 885K, committed 896K, reserved 1048576K
}
Event: 4.245 GC heap before
{Heap before GC invocations=1 (full 0):
 garbage-first heap   total 262144K, used 50516K [0x0000000701000000, 0x0000000800000000)
  region size 1024K, 47 young (48128K), 2 survivors (2048K)
 Metaspace       used 20894K, capacity 21188K, committed 21248K, reserved 1069056K
  class space    used 2189K, capacity 2278K, committed 2304K, reserved 1048576K
}
Event: 4.270 GC heap after
{Heap after GC invocations=2 (full 0):
 garbage-first heap   total 262144K, used 9804K [0x0000000701000000, 0x0000000800000000)
  region size 1024K, 7 young (7168K), 7 survivors (7168K)
 Metaspace       used 20894K, capacity 21188K, committed 21248K, reserved 1069056K
  class space    used 2189K, capacity 2278K, committed 2304K, reserved 1048576K
}
Event: 6.873 GC heap before
{Heap before GC invocations=3 (full 0):
 garbage-first heap   total 262144K, used 49740K [0x0000000701000000, 0x0000000800000000)
  region size 1024K, 43 young (44032K), 7 survivors (7168K)
 Metaspace       used 31539K, capacity 32043K, committed 32128K, reserved 1077248K
  class space    used 3717K, capacity 3939K, committed 3968K, reserved 1048576K
}
Event: 6.888 GC heap after
{Heap after GC invocations=4 (full 0):
 garbage-first heap   total 262144K, used 16036K [0x0000000701000000, 0x0000000800000000)
  region size 1024K, 4 young (4096K), 4 survivors (4096K)
 Metaspace       used 31539K, capacity 32043K, committed 32128K, reserved 1077248K
  class space    used 3717K, capacity 3939K, committed 3968K, reserved 1048576K
}
Event: 8.252 GC heap before
{Heap before GC invocations=4 (full 0):
 garbage-first heap   total 262144K, used 39588K [0x0000000701000000, 0x0000000800000000)
  region size 1024K, 26 young (26624K), 4 survivors (4096K)
 Metaspace       used 35256K, capacity 35703K, committed 35840K, reserved 1081344K
  class space    used 4326K, capacity 4518K, committed 4608K, reserved 1048576K
}
Event: 8.264 GC heap after
{Heap after GC invocations=5 (full 0):
 garbage-first heap   total 262144K, used 21687K [0x0000000701000000, 0x0000000800000000)
  region size 1024K, 7 young (7168K), 7 survivors (7168K)
 Metaspace       used 35256K, capacity 35703K, committed 35840K, reserved 1081344K
  class space    used 4326K, capacity 4518K, committed 4608K, reserved 1048576K
}
Event: 12.781 GC heap before
{Heap before GC invocations=6 (full 0):
 garbage-first heap   total 262144K, used 80055K [0x0000000701000000, 0x0000000800000000)
  region size 1024K, 64 young (65536K), 7 survivors (7168K)
 Metaspace       used 47824K, capacity 48410K, committed 48768K, reserved 1091584K
  class space    used 5654K, capacity 5891K, committed 6016K, reserved 1048576K
}
Event: 12.842 GC heap after
{Heap after GC invocations=7 (full 0):
 garbage-first heap   total 262144K, used 26673K [0x0000000701000000, 0x0000000800000000)
  region size 1024K, 8 young (8192K), 8 survivors (8192K)
 Metaspace       used 47824K, capacity 48410K, committed 48768K, reserved 1091584K
  class space    used 5654K, capacity 5891K, committed 6016K, reserved 1048576K
}
Event: 19.167 GC heap before
{Heap before GC invocations=8 (full 0):
 garbage-first heap   total 262144K, used 93233K [0x0000000701000000, 0x0000000800000000)
  region size 1024K, 72 young (73728K), 8 survivors (8192K)
 Metaspace       used 55154K, capacity 55816K, committed 56064K, reserved 1099776K
  class space    used 6351K, capacity 6644K, committed 6656K, reserved 1048576K
}
Event: 19.201 GC heap after
{Heap after GC invocations=9 (full 0):
 garbage-first heap   total 262144K, used 35468K [0x0000000701000000, 0x0000000800000000)
  region size 1024K, 9 young (9216K), 9 survivors (9216K)
 Metaspace       used 55154K, capacity 55816K, committed 56064K, reserved 1099776K
  class space    used 6351K, capacity 6644K, committed 6656K, reserved 1048576K
}
Event: 30.986 GC heap before
{Heap before GC invocations=9 (full 0):
 garbage-first heap   total 262144K, used 119436K [0x0000000701000000, 0x0000000800000000)
  region size 1024K, 91 young (93184K), 9 survivors (9216K)
 Metaspace       used 63483K, capacity 64343K, committed 64512K, reserved 1105920K
  class space    used 7298K, capacity 7669K, committed 7680K, reserved 1048576K
}

Deoptimization events (20 events):
Event: 29.723 Thread 0x0000000000103800 Uncommon trap: trap_request=0xffffffc6 fr.pc=0x000000000e5721d8 relative=0x0000000000000a38
Event: 29.723 Thread 0x0000000000103800 Uncommon trap: reason=bimorphic_or_optimized_type_check action=maybe_recompile pc=0x000000000e5721d8 method=gnu.trove.TObjectHash.index(Ljava/lang/Object;)I @ 64 c2
Event: 29.723 Thread 0x0000000000103800 DEOPT PACKING pc=0x000000000e5721d8 sp=0x000000000256a300
Event: 29.723 Thread 0x0000000000103800 DEOPT UNPACKING pc=0x000000000686a1af sp=0x000000000256a290 mode 2
Event: 29.723 Thread 0x0000000000103800 Uncommon trap: trap_request=0xffffffc6 fr.pc=0x000000000e5721d8 relative=0x0000000000000a38
Event: 29.723 Thread 0x0000000000103800 Uncommon trap: reason=bimorphic_or_optimized_type_check action=maybe_recompile pc=0x000000000e5721d8 method=gnu.trove.TObjectHash.index(Ljava/lang/Object;)I @ 64 c2
Event: 29.723 Thread 0x0000000000103800 DEOPT PACKING pc=0x000000000e5721d8 sp=0x000000000256a300
Event: 29.723 Thread 0x0000000000103800 DEOPT UNPACKING pc=0x000000000686a1af sp=0x000000000256a290 mode 2
Event: 29.956 Thread 0x0000000000103800 Uncommon trap: trap_request=0xffffff4d fr.pc=0x000000000e430820 relative=0x0000000000000640
Event: 29.956 Thread 0x0000000000103800 Uncommon trap: reason=unstable_if action=reinterpret pc=0x000000000e430820 method=jdk.internal.org.objectweb.asm.Item.isEqualTo(Ljdk/internal/org/objectweb/asm/Item;)Z @ 331 c2
Event: 29.956 Thread 0x0000000000103800 DEOPT PACKING pc=0x000000000e430820 sp=0x000000000256a110
Event: 29.956 Thread 0x0000000000103800 DEOPT UNPACKING pc=0x000000000686a1af sp=0x000000000256a0b0 mode 2
Event: 30.202 Thread 0x0000000000103800 Uncommon trap: trap_request=0xffffff4d fr.pc=0x000000000e5a8540 relative=0x00000000000000a0
Event: 30.202 Thread 0x0000000000103800 Uncommon trap: reason=unstable_if action=reinterpret pc=0x000000000e5a8540 method=java.lang.Integer.stringSize(I)I @ 3 c2
Event: 30.202 Thread 0x0000000000103800 DEOPT PACKING pc=0x000000000e5a8540 sp=0x00000000025683b0
Event: 30.202 Thread 0x0000000000103800 DEOPT UNPACKING pc=0x000000000686a1af sp=0x0000000002568338 mode 2
Event: 30.893 Thread 0x0000000000103800 Uncommon trap: trap_request=0xffffff4d fr.pc=0x000000000e622d78 relative=0x0000000000000098
Event: 30.893 Thread 0x0000000000103800 Uncommon trap: reason=unstable_if action=reinterpret pc=0x000000000e622d78 method=org.jetbrains.kotlin.builtins.KotlinBuiltIns.isUnderKotlinPackage(Lorg/jetbrains/kotlin/descriptors/DeclarationDescriptor;)Z @ 12 c2
Event: 30.893 Thread 0x0000000000103800 DEOPT PACKING pc=0x000000000e622d78 sp=0x000000000256c680
Event: 30.893 Thread 0x0000000000103800 DEOPT UNPACKING pc=0x000000000686a1af sp=0x000000000256c628 mode 2

Classes redefined (0 events):
No events

Internal exceptions (20 events):
Event: 15.550 Thread 0x0000000000103800 Exception <a 'java/lang/NoSuchMethodError'{0x000000070edd6898}: 'java.lang.Object java.lang.invoke.DirectMethodHandle$Holder.invokeSpecial(java.lang.Object, java.lang.Object, java.lang.Object, java.lang.Object, java.lang.Object, java.lang.Object, java.lang.Object, java.lang.Object, java.lang.Object)'> (0x000000070edd6898) thrown at [./src/hotspot/share/interpreter/linkResolver.cpp, line 773]
Event: 15.550 Thread 0x0000000000103800 Exception <a 'java/lang/NoSuchMethodError'{0x000000070eddaa90}: 'java.lang.Object java.lang.invoke.Invokers$Holder.linkToTargetMethod(java.lang.Object, java.lang.Object, java.lang.Object, java.lang.Object, java.lang.Object, java.lang.Object, java.lang.Object, java.lang.Object)'> (0x000000070eddaa90) thrown at [./src/hotspot/share/interpreter/linkResolver.cpp, line 773]
Event: 18.705 Thread 0x0000000000103800 Exception <a 'java/lang/NoSuchMethodError'{0x000000070d357910}: 'java.lang.Object java.lang.invoke.DirectMethodHandle$Holder.invokeStaticInit(java.lang.Object, java.lang.Object, java.lang.Object)'> (0x000000070d357910) thrown at [./src/hotspot/share/interpreter/linkResolver.cpp, line 773]
Event: 18.719 Thread 0x0000000000103800 Exception <a 'java/lang/NoSuchMethodError'{0x000000070d39a228}: 'java.lang.Object java.lang.invoke.DirectMethodHandle$Holder.invokeStatic(java.lang.Object, int, java.lang.Object, java.lang.Object)'> (0x000000070d39a228) thrown at [./src/hotspot/share/interpreter/linkResolver.cpp, line 773]
Event: 18.720 Thread 0x0000000000103800 Exception <a 'java/lang/NoSuchMethodError'{0x000000070d3a4608}: 'int java.lang.invoke.DirectMethodHandle$Holder.invokeInterface(java.lang.Object, java.lang.Object)'> (0x000000070d3a4608) thrown at [./src/hotspot/share/interpreter/linkResolver.cpp, line 773]
Event: 18.877 Thread 0x0000000000103800 Implicit null exception at 0x000000000e389b75 to 0x000000000e389d5c
Event: 18.877 Thread 0x0000000000103800 Implicit null exception at 0x000000000e3f862f to 0x000000000e3f86a9
Event: 25.986 Thread 0x0000000000103800 Exception <a 'java/lang/NoSuchMethodError'{0x000000070e2277d8}: 'java.lang.Object java.lang.invoke.Invokers$Holder.linkToTargetMethod(java.lang.Object, java.lang.Object, java.lang.Object, int, int, java.lang.Object)'> (0x000000070e2277d8) thrown at [./src/hotspot/share/interpreter/linkResolver.cpp, line 773]
Event: 26.308 Thread 0x0000000000103800 Implicit null exception at 0x000000000e5e0899 to 0x000000000e5e0c4f
Event: 26.343 Thread 0x0000000000103800 Exception <a 'java/lang/NoSuchMethodError'{0x000000070e2ae8d8}: 'java.lang.Object java.lang.invoke.Invokers$Holder.linkToTargetMethod(java.lang.Object, java.lang.Object, java.lang.Object, java.lang.Object, java.lang.Object, java.lang.Object)'> (0x000000070e2ae8d8) thrown at [./src/hotspot/share/interpreter/linkResolver.cpp, line 773]
Event: 26.361 Thread 0x0000000000103800 Implicit null exception at 0x000000000e544433 to 0x000000000e544810
Event: 26.560 Thread 0x0000000000103800 Exception <a 'java/lang/NoSuchMethodError'{0x000000070dfc3670}: 'java.lang.Object java.lang.invoke.Invokers$Holder.linkToTargetMethod(java.lang.Object, java.lang.Object, java.lang.Object, java.lang.Object, java.lang.Object, java.lang.Object, java.lang.Object)'> (0x000000070dfc3670) thrown at [./src/hotspot/share/interpreter/linkResolver.cpp, line 773]
Event: 26.703 Thread 0x0000000000103800 Exception <a 'java/lang/NoSuchMethodError'{0x000000070defaa90}: 'int java.lang.invoke.DirectMethodHandle$Holder.invokeStaticInit(java.lang.Object, int)'> (0x000000070defaa90) thrown at [./src/hotspot/share/interpreter/linkResolver.cpp, line 773]
Event: 29.436 Thread 0x0000000000103800 Exception <a 'java/lang/NoSuchMethodError'{0x000000070c887688}: 'java.lang.Object java.lang.invoke.DirectMethodHandle$Holder.invokeInterface(java.lang.Object, java.lang.Object, java.lang.Object)'> (0x000000070c887688) thrown at [./src/hotspot/share/interpreter/linkResolver.cpp, line 773]
Event: 29.437 Thread 0x0000000000103800 Exception <a 'java/lang/IncompatibleClassChangeError'{0x000000070c88a8b8}: Found class java.lang.Object, but interface was expected> (0x000000070c88a8b8) thrown at [./src/hotspot/share/interpreter/linkResolver.cpp, line 839]
Event: 29.530 Thread 0x0000000000103800 Exception <a 'java/lang/NoSuchMethodError'{0x000000070bd42920}: 'int java.lang.invoke.DirectMethodHandle$Holder.invokeVirtual(java.lang.Object, java.lang.Object, java.lang.Object)'> (0x000000070bd42920) thrown at [./src/hotspot/share/interpreter/linkResolver.cpp, line 773]
Event: 29.954 Thread 0x0000000000103800 Exception <a 'java/lang/NoSuchMethodError'{0x000000070b9237e8}: 'java.lang.Object java.lang.invoke.DirectMethodHandle$Holder.invokeSpecial(java.lang.Object, java.lang.Object, java.lang.Object, java.lang.Object, java.lang.Object, int)'> (0x000000070b9237e8) thrown at [./src/hotspot/share/interpreter/linkResolver.cpp, line 773]
Event: 29.955 Thread 0x0000000000103800 Exception <a 'java/lang/NoSuchMethodError'{0x000000070b927630}: 'java.lang.Object java.lang.invoke.Invokers$Holder.linkToTargetMethod(java.lang.Object, java.lang.Object, java.lang.Object, int, java.lang.Object)'> (0x000000070b927630) thrown at [./src/hotspot/share/interpreter/linkResolver.cpp, line 773]
Event: 30.072 Thread 0x0000000000103800 Exception <a 'java/lang/NoSuchMethodError'{0x000000070b8d7318}: 'void java.lang.invoke.DirectMethodHandle$Holder.invokeInterface(java.lang.Object, java.lang.Object)'> (0x000000070b8d7318) thrown at [./src/hotspot/share/interpreter/linkResolver.cpp, line 773]
Event: 30.767 Thread 0x0000000000103800 Exception <a 'java/lang/IncompatibleClassChangeError'{0x000000070b6c3d70}: Found class java.lang.Object, but interface was expected> (0x000000070b6c3d70) thrown at [./src/hotspot/share/interpreter/linkResolver.cpp, line 839]

Events (20 events):
Event: 30.880 loading class org/jetbrains/kotlin/resolve/scopes/receivers/ExtensionReceiver done
Event: 30.884 loading class org/jetbrains/kotlin/resolve/calls/smartcasts/SmartCastUtilKt
Event: 30.884 loading class org/jetbrains/kotlin/resolve/calls/smartcasts/SmartCastUtilKt done
Event: 30.885 loading class org/jetbrains/kotlin/resolve/calls/smartcasts/SmartCastReceiverValue
Event: 30.885 loading class org/jetbrains/kotlin/resolve/calls/smartcasts/SmartCastReceiverValue done
Event: 30.895 loading class org/jetbrains/kotlin/resolve/jvm/RuntimeAssertionsKt
Event: 30.895 loading class org/jetbrains/kotlin/resolve/jvm/RuntimeAssertionsKt done
Event: 30.896 loading class org/jetbrains/kotlin/resolve/jvm/JvmBindingContextSlices
Event: 30.896 loading class org/jetbrains/kotlin/resolve/jvm/JvmBindingContextSlices done
Event: 30.969 loading class org/jetbrains/kotlin/resolve/calls/DslMarkerUtils
Event: 30.969 loading class org/jetbrains/kotlin/resolve/calls/DslMarkerUtils done
Event: 30.972 loading class org/jetbrains/kotlin/resolve/calls/DslMarkerUtilsKt
Event: 30.972 loading class org/jetbrains/kotlin/resolve/calls/DslMarkerUtilsKt done
Event: 30.973 loading class org/jetbrains/kotlin/resolve/descriptorUtil/DescriptorUtilsKt$getAllSuperClassifiers$doGetAllSuperClassesAndInterfaces$1
Event: 30.973 loading class org/jetbrains/kotlin/resolve/descriptorUtil/DescriptorUtilsKt$getAllSuperClassifiers$doGetAllSuperClassesAndInterfaces$1 done
Event: 30.974 loading class org/jetbrains/kotlin/resolve/calls/DslMarkerUtils$DslMarkersFromReceiver
Event: 30.974 loading class org/jetbrains/kotlin/resolve/calls/DslMarkerUtils$DslMarkersFromReceiver done
Event: 30.982 loading class org/jetbrains/kotlin/descriptors/ConstUtilKt
Event: 30.982 loading class org/jetbrains/kotlin/descriptors/ConstUtilKt done
Event: 30.986 Executing VM operation: G1CollectForAllocation


Dynamic libraries:
0x000000013fb40000 - 0x000000013fb4a000 	C:\Program Files\Android\Android Studio\jre\bin\java.exe
0x0000000077280000 - 0x000000007741f000 	C:\Windows\SYSTEM32\ntdll.dll
0x0000000077060000 - 0x000000007717f000 	C:\Windows\system32\kernel32.dll
0x000007fefd1c0000 - 0x000007fefd22a000 	C:\Windows\system32\KERNELBASE.dll
0x000007fee0650000 - 0x000007fee0669000 	C:\Program Files\Android\Android Studio\jre\bin\jli.dll
0x000007fefc030000 - 0x000007fefc224000 	C:\Windows\WinSxS\amd64_microsoft.windows.common-controls_6595b64144ccf1df_6.0.7601.17514_none_fa396087175ac9ac\COMCTL32.dll
0x000007feff1f0000 - 0x000007feff28f000 	C:\Windows\system32\msvcrt.dll
0x000007fefd3e0000 - 0x000007fefd447000 	C:\Windows\system32\GDI32.dll
0x0000000077180000 - 0x000000007727a000 	C:\Windows\system32\USER32.dll
0x000007fefe650000 - 0x000007fefe65e000 	C:\Windows\system32\LPK.dll
0x000007fefed70000 - 0x000007fefee3b000 	C:\Windows\system32\USP10.dll
0x000007feff420000 - 0x000007feff491000 	C:\Windows\system32\SHLWAPI.dll
0x000007fee0630000 - 0x000007fee0647000 	C:\Program Files\Android\Android Studio\jre\bin\VCRUNTIME140.dll
0x000007fef0310000 - 0x000007fef0314000 	C:\Windows\system32\api-ms-win-crt-runtime-l1-1-0.dll
0x000007fef0670000 - 0x000007fef0765000 	C:\Windows\system32\ucrtbase.DLL
0x000007fef0660000 - 0x000007fef0663000 	C:\Windows\system32\api-ms-win-core-timezone-l1-1-0.dll
0x000007fef0650000 - 0x000007fef0653000 	C:\Windows\system32\api-ms-win-core-file-l2-1-0.dll
0x000007fef0640000 - 0x000007fef0643000 	C:\Windows\system32\api-ms-win-core-localization-l1-2-0.dll
0x000007fefa0a0000 - 0x000007fefa0a3000 	C:\Windows\system32\api-ms-win-core-synch-l1-2-0.dll
0x000007fef0630000 - 0x000007fef0633000 	C:\Windows\system32\api-ms-win-core-processthreads-l1-1-1.dll
0x000007fef0620000 - 0x000007fef0623000 	C:\Windows\system32\api-ms-win-core-file-l1-2-0.dll
0x000007fede940000 - 0x000007fede944000 	C:\Windows\system32\api-ms-win-crt-string-l1-1-0.dll
0x000007fef0000000 - 0x000007fef0003000 	C:\Windows\system32\api-ms-win-crt-heap-l1-1-0.dll
0x000007fede930000 - 0x000007fede934000 	C:\Windows\system32\api-ms-win-crt-stdio-l1-1-0.dll
0x000007fedd250000 - 0x000007fedd254000 	C:\Windows\system32\api-ms-win-crt-convert-l1-1-0.dll
0x000007fedd240000 - 0x000007fedd243000 	C:\Windows\system32\api-ms-win-crt-environment-l1-1-0.dll
0x000007fedd210000 - 0x000007fedd213000 	C:\Windows\system32\api-ms-win-crt-filesystem-l1-1-0.dll
0x000007fedd220000 - 0x000007fedd225000 	C:\Windows\system32\api-ms-win-crt-math-l1-1-0.dll
0x000007fedcec0000 - 0x000007fedcec3000 	C:\Windows\system32\api-ms-win-crt-locale-l1-1-0.dll
0x000007feff4a0000 - 0x000007feff4ce000 	C:\Windows\system32\IMM32.DLL
0x000007fefe4a0000 - 0x000007fefe5a9000 	C:\Windows\system32\MSCTF.dll
0x000007fefcf50000 - 0x000007fefcf81000 	C:\Windows\system32\nvinitx.dll
0x000007fefcf40000 - 0x000007fefcf4c000 	C:\Windows\system32\VERSION.dll
0x000007feff110000 - 0x000007feff1eb000 	C:\Windows\system32\ADVAPI32.dll
0x000007fefe660000 - 0x000007fefe67f000 	C:\Windows\SYSTEM32\sechost.dll
0x000007fefe8e0000 - 0x000007fefea0d000 	C:\Windows\system32\RPCRT4.dll
0x0000000074ca0000 - 0x0000000074ca6000 	C:\Program Files\NVIDIA Corporation\CoProcManager\detoured.dll
0x000007fefb000000 - 0x000007fefb032000 	C:\Program Files\NVIDIA Corporation\CoProcManager\nvd3d9wrapx.dll
0x000007fefeb90000 - 0x000007fefed67000 	C:\Windows\system32\SETUPAPI.dll
0x000007fefd180000 - 0x000007fefd1b6000 	C:\Windows\system32\CFGMGR32.dll
0x000007fefeab0000 - 0x000007fefeb8a000 	C:\Windows\system32\OLEAUT32.dll
0x000007fefe690000 - 0x000007fefe88d000 	C:\Windows\system32\ole32.dll
0x000007fefd150000 - 0x000007fefd16a000 	C:\Windows\system32\DEVOBJ.dll
0x000007fefafd0000 - 0x000007fefaff2000 	C:\Program Files\NVIDIA Corporation\CoProcManager\nvdxgiwrapx.dll
0x000007fedc260000 - 0x000007fedc2fd000 	C:\Program Files\Android\Android Studio\jre\bin\msvcp140.dll
0x000007fef0130000 - 0x000007fef0135000 	C:\Windows\system32\api-ms-win-crt-multibyte-l1-1-0.dll
0x000007fedd200000 - 0x000007fedd203000 	C:\Windows\system32\api-ms-win-crt-time-l1-1-0.dll
0x000007fedd230000 - 0x000007fedd233000 	C:\Windows\system32\api-ms-win-crt-utility-l1-1-0.dll
0x000007fedd260000 - 0x000007feddd62000 	C:\Program Files\Android\Android Studio\jre\bin\server\jvm.dll
0x000007fef6180000 - 0x000007fef6189000 	C:\Windows\system32\WSOCK32.dll
0x000007fefe890000 - 0x000007fefe8dd000 	C:\Windows\system32\WS2_32.dll
0x000007fefe680000 - 0x000007fefe688000 	C:\Windows\system32\NSI.dll
0x000007fefa190000 - 0x000007fefa1cb000 	C:\Windows\system32\WINMM.dll
0x0000000077430000 - 0x0000000077437000 	C:\Windows\system32\PSAPI.DLL
0x000007fedd1e0000 - 0x000007fedd1f1000 	C:\Program Files\Android\Android Studio\jre\bin\verify.dll
0x000007fef52a0000 - 0x000007fef53c5000 	C:\Windows\system32\DBGHELP.DLL
0x000007fedd1b0000 - 0x000007fedd1d9000 	C:\Program Files\Android\Android Studio\jre\bin\java.dll
0x000007fedd1a0000 - 0x000007fedd1ab000 	C:\Program Files\Android\Android Studio\jre\bin\jimage.dll
0x000007fedd180000 - 0x000007fedd198000 	C:\Program Files\Android\Android Studio\jre\bin\zip.dll
0x000007fefd6b0000 - 0x000007fefe43a000 	C:\Windows\system32\SHELL32.dll
0x000007fefd020000 - 0x000007fefd02f000 	C:\Windows\system32\profapi.dll
0x000007fedd160000 - 0x000007fedd17a000 	C:\Program Files\Android\Android Studio\jre\bin\net.dll
0x000007fef8490000 - 0x000007fef8501000 	C:\Windows\system32\WINHTTP.dll
0x000007fef8420000 - 0x000007fef8484000 	C:\Windows\system32\webio.dll
0x000007fefc7a0000 - 0x000007fefc7f5000 	C:\Windows\system32\mswsock.dll
0x000007fefc790000 - 0x000007fefc797000 	C:\Windows\System32\wship6.dll
0x000007fedd140000 - 0x000007fedd154000 	C:\Program Files\Android\Android Studio\jre\bin\nio.dll

dbghelp: loaded successfully - version: 4.0.5 - missing functions: none
symbol engine: initialized successfully - sym options: 0x614 - pdb path: .;C:\Program Files\Android\Android Studio\jre\bin;C:\Windows\SYSTEM32;C:\Windows\WinSxS\amd64_microsoft.windows.common-controls_6595b64144ccf1df_6.0.7601.17514_none_fa396087175ac9ac;C:\Program Files\NVIDIA Corporation\CoProcManager;C:\Program Files\Android\Android Studio\jre\bin\server

VM Arguments:
java_command: org.jetbrains.kotlin.cli.jvm.K2JVMCompiler @C:\Users\Liza\Weather\app\build\20221127_12212156606614318248.compiler.options
java_class_path (initial): C:\Users\Liza\caches\modules-2\files-2.1\org.jetbrains.kotlin\kotlin-compiler-embeddable\1.7.10\909803167c98606fcf22b4c848647c68e351d48d\kotlin-compiler-embeddable-1.7.10.jar;C:\Users\Liza\caches\modules-2\files-2.1\org.jetbrains.kotlin\kotlin-reflect\1.7.10\165e600dfea6185cf5efa700756294cc4904dbeb\kotlin-reflect-1.7.10.jar;C:\Users\Liza\caches\modules-2\files-2.1\org.jetbrains.kotlin\kotlin-stdlib\1.7.10\d2abf9e77736acc4450dc4a3f707fa2c10f5099d\kotlin-stdlib-1.7.10.jar;C:\Users\Liza\caches\modules-2\files-2.1\org.jetbrains.kotlin\kotlin-script-runtime\1.7.10\c99c87a6988d8fd8d5142e9ed5c9f34a7cf561ee\kotlin-script-runtime-1.7.10.jar;C:\Users\Liza\caches\modules-2\files-2.1\org.jetbrains.kotlin\kotlin-daemon-embeddable\1.7.10\3a9f7aef7080d3ae63126cbba4f827ed664f32fa\kotlin-daemon-embeddable-1.7.10.jar;C:\Users\Liza\caches\modules-2\files-2.1\org.jetbrains.intellij.deps\trove4j\1.0.20200330\3afb14d5f9ceb459d724e907a21145e8ff394f02\trove4j-1.0.20200330.jar;C:\Users\Liza\caches\modules-2\files-2.1\net.java.dev.jna\jna\5.6.0\330f2244e9030119ab3030fc3fededc86713d9cc\jna-5.6.0.jar;C:\Users\Liza\caches\modules-2\files-2.1\org.jetbrains.kotlin\kotlin-stdlib-common\1.7.10\bac80c520d0a9e3f3673bc2658c6ed02ef45a76a\kotlin-stdlib-common-1.7.10.jar;C:\Users\Liza\caches\modules-2\files-2.1\org.jetbrains\annotations\13.0\919f0dfe192fb4e063e7dacadee7f8bb9a2672a9\annotations-13.0.jar
Launcher Type: SUN_STANDARD

[Global flags]
     intx CICompilerCount                          = 3                                         {product} {ergonomic}
     uint ConcGCThreads                            = 1                                         {product} {ergonomic}
     uint G1ConcRefinementThreads                  = 4                                         {product} {ergonomic}
   size_t G1HeapRegionSize                         = 1048576                                   {product} {ergonomic}
    uintx GCDrainStackTargetSize                   = 64                                        {product} {ergonomic}
   size_t InitialHeapSize                          = 268435456                                 {product} {ergonomic}
   size_t MarkStackSize                            = 4194304                                   {product} {ergonomic}
   size_t MaxHeapSize                              = 4278190080                                {product} {ergonomic}
   size_t MaxNewSize                               = 2566914048                                {product} {ergonomic}
   size_t MinHeapDeltaBytes                        = 1048576                                   {product} {ergonomic}
    uintx NonNMethodCodeHeapSize                   = 5830732                                {pd product} {ergonomic}
    uintx NonProfiledCodeHeapSize                  = 122913754                              {pd product} {ergonomic}
    uintx ProfiledCodeHeapSize                     = 122913754                              {pd product} {ergonomic}
    uintx ReservedCodeCacheSize                    = 251658240                              {pd product} {ergonomic}
     bool SegmentedCodeCache                       = true                                      {product} {ergonomic}
     bool UseCompressedClassPointers               = true                                 {lp64_product} {ergonomic}
     bool UseCompressedOops                        = true                                 {lp64_product} {ergonomic}
     bool UseG1GC                                  = true                                      {product} {ergonomic}
     bool UseLargePagesIndividualAllocation        = false                                  {pd product} {ergonomic}

Logging:
Log output configuration:
 #0: stdout all=warning uptime,level,tags
 #1: stderr all=off uptime,level,tags

Environment Variables:
PATH=C:\Program Files\Common Files\Oracle\Java\javapath;C:\Program Files\Broadcom\Broadcom 802.11;C:\Program Files (x86)\MiKTeX 2.9\miktex\bin\;C:\Program Files (x86)\LyX 2.2\Perl\bin;C:\Program Files (x86)\PuTTY\;C:\Program Files\Git\cmd;C:\Users\Liza\AppData\Local\Programs\Python\Python36-32\Scripts\;C:\Users\Liza\AppData\Local\Programs\Python\Python36-32\;C:\Users\Liza\AppData\Local\Programs\Python\Python35-32\Scripts\;C:\Users\Liza\AppData\Local\Programs\Python\Python35-32\;C:\Users\Liza\YandexDisk\YandexDisk\MY_JOB\CCT\Programming_Basic\Python\My_programms_Python;C:\src\flutter\bin;C:\WINDOWS\system32;C:\Windows\System32\WindowsPowerShell\v1.0;C:\Program Files\JetBrains\IntelliJ IDEA Educational Edition 2020.2\bin;C:\Users\Liza\AppData\Local\atom\bin
USERNAME=
OS=Windows_NT
PROCESSOR_IDENTIFIER=Intel64 Family 6 Model 61 Stepping 4, GenuineIntel



---------------  S Y S T E M  ---------------

OS: Windows 7 , 64 bit Build 7601 (6.1.7601.24231)
OS uptime: 0 days 3:05 hours

CPU:total 4 (initial active 4) (2 cores per cpu, 2 threads per core) family 6 model 61 stepping 4 microcode 0x0, cmov, cx8, fxsr, mmx, sse, sse2, sse3, ssse3, sse4.1, sse4.2, popcnt, avx, avx2, aes, clmul, erms, 3dnowpref, lzcnt, ht, tsc, tscinvbit, bmi1, bmi2, adx, fma

Memory: 4k page, system-wide physical 16312M (4005M free)
TotalPageFile size 16822M (AvailPageFile size 43M)
current process WorkingSet (physical memory assigned to process): 290M, peak: 315M
current process commit charge ("private bytes"): 458M, peak: 510M

vm_info: OpenJDK 64-Bit Server VM (11.0.13+0-b1751.21-8125866) for windows-amd64 JRE (11.0.13+0-b1751.21-8125866), built on Feb  2 2022 03:00:22 by "builder" with MS VC++ 14.0 (VS2015)

END.
